Traceback (most recent call last):
  File "C:\Users\BEGAS_15\PycharmProjects\geospatial_analysis\venv\lib\site-packages\jupyter_cache\executors\utils.py", line 58, in single_nb_execution
    executenb(
  File "C:\Users\BEGAS_15\PycharmProjects\geospatial_analysis\venv\lib\site-packages\nbclient\client.py", line 1305, in execute
    return NotebookClient(nb=nb, resources=resources, km=km, **kwargs).execute()
  File "C:\Users\BEGAS_15\PycharmProjects\geospatial_analysis\venv\lib\site-packages\jupyter_core\utils\__init__.py", line 166, in wrapped
    return loop.run_until_complete(inner)
  File "C:\Users\BEGAS_15\AppData\Local\Programs\Python\Python39\lib\asyncio\base_events.py", line 647, in run_until_complete
    return future.result()
  File "C:\Users\BEGAS_15\PycharmProjects\geospatial_analysis\venv\lib\site-packages\nbclient\client.py", line 705, in async_execute
    await self.async_execute_cell(
  File "C:\Users\BEGAS_15\PycharmProjects\geospatial_analysis\venv\lib\site-packages\nbclient\client.py", line 1058, in async_execute_cell
    await self._check_raise_for_error(cell, cell_index, exec_reply)
  File "C:\Users\BEGAS_15\PycharmProjects\geospatial_analysis\venv\lib\site-packages\nbclient\client.py", line 914, in _check_raise_for_error
    raise CellExecutionError.from_cell_and_msg(cell, exec_reply_content)
nbclient.exceptions.CellExecutionError: An error occurred while executing the following cell:
------------------
import geopandas as gpd

geocoded_addresses = gpd.tools.geocode(addresses["ì§€ì ì£¼ì†Œ"], # ì§€ì˜¤ì½”ë”©í•  ì£¼ì†Œ
                                       provider="photon", # ì§€ì˜¤ì½”ë”
                                       user_agent="test", # user-agent ì„¤ì • í•„ìˆ˜ (Nominatim)
                                       timeout=10
                                      )
geocoded_addresses
------------------


[1;31m---------------------------------------------------------------------------[0m
[1;31mModuleNotFoundError[0m                       Traceback (most recent call last)
Cell [1;32mIn[2], line 3[0m
[0;32m      1[0m [38;5;28;01mimport[39;00m [38;5;21;01mgeopandas[39;00m [38;5;28;01mas[39;00m [38;5;21;01mgpd[39;00m
[1;32m----> 3[0m geocoded_addresses [38;5;241m=[39m [43mgpd[49m[38;5;241;43m.[39;49m[43mtools[49m[38;5;241;43m.[39;49m[43mgeocode[49m[43m([49m[43maddresses[49m[43m[[49m[38;5;124;43m"[39;49m[38;5;124;43mì§€ì ì£¼ì†Œ[39;49m[38;5;124;43m"[39;49m[43m][49m[43m,[49m[43m [49m[38;5;66;43;03m# ì§€ì˜¤ì½”ë”©í•  ì£¼ì†Œ[39;49;00m
[0;32m      4[0m [43m                                       [49m[43mprovider[49m[38;5;241;43m=[39;49m[38;5;124;43m"[39;49m[38;5;124;43mphoton[39;49m[38;5;124;43m"[39;49m[43m,[49m[43m [49m[38;5;66;43;03m# ì§€ì˜¤ì½”ë”[39;49;00m
[0;32m      5[0m [43m                                       [49m[43muser_agent[49m[38;5;241;43m=[39;49m[38;5;124;43m"[39;49m[38;5;124;43mtest[39;49m[38;5;124;43m"[39;49m[43m,[49m[43m [49m[38;5;66;43;03m# user-agent ì„¤ì • í•„ìˆ˜ (Nominatim)[39;49;00m
[0;32m      6[0m [43m                                       [49m[43mtimeout[49m[38;5;241;43m=[39;49m[38;5;241;43m10[39;49m
[0;32m      7[0m [43m                                      [49m[43m)[49m
[0;32m      8[0m geocoded_addresses

File [1;32m~\PycharmProjects\geospatial_analysis\venv\lib\site-packages\geopandas\tools\geocoding.py:65[0m, in [0;36mgeocode[1;34m(strings, provider, **kwargs)[0m
[0;32m     63[0m [38;5;28;01mif[39;00m provider [38;5;129;01mis[39;00m [38;5;28;01mNone[39;00m:
[0;32m     64[0m     provider [38;5;241m=[39m [38;5;124m"[39m[38;5;124mphoton[39m[38;5;124m"[39m
[1;32m---> 65[0m throttle_time [38;5;241m=[39m [43m_get_throttle_time[49m[43m([49m[43mprovider[49m[43m)[49m
[0;32m     67[0m [38;5;28;01mreturn[39;00m _query(strings, [38;5;28;01mTrue[39;00m, provider, throttle_time, [38;5;241m*[39m[38;5;241m*[39mkwargs)

File [1;32m~\PycharmProjects\geospatial_analysis\venv\lib\site-packages\geopandas\tools\geocoding.py:16[0m, in [0;36m_get_throttle_time[1;34m(provider)[0m
[0;32m     11[0m [38;5;28;01mdef[39;00m [38;5;21m_get_throttle_time[39m(provider):
[0;32m     12[0m [38;5;250m    [39m[38;5;124;03m"""[39;00m
[0;32m     13[0m [38;5;124;03m    Amount of time to wait between requests to a geocoding API, for providers[39;00m
[0;32m     14[0m [38;5;124;03m    that specify rate limits in their terms of service.[39;00m
[0;32m     15[0m [38;5;124;03m    """[39;00m
[1;32m---> 16[0m     [38;5;28;01mimport[39;00m [38;5;21;01mgeopy[39;00m[38;5;21;01m.[39;00m[38;5;21;01mgeocoders[39;00m
[0;32m     18[0m     [38;5;66;03m# https://operations.osmfoundation.org/policies/nominatim/[39;00m
[0;32m     19[0m     [38;5;28;01mif[39;00m provider [38;5;241m==[39m geopy[38;5;241m.[39mgeocoders[38;5;241m.[39mNominatim:

[1;31mModuleNotFoundError[0m: No module named 'geopy'

