Traceback (most recent call last):
  File "C:\Users\BEGAS_15\PycharmProjects\geospatial_analysis\venv\lib\site-packages\jupyter_cache\executors\utils.py", line 58, in single_nb_execution
    executenb(
  File "C:\Users\BEGAS_15\PycharmProjects\geospatial_analysis\venv\lib\site-packages\nbclient\client.py", line 1305, in execute
    return NotebookClient(nb=nb, resources=resources, km=km, **kwargs).execute()
  File "C:\Users\BEGAS_15\PycharmProjects\geospatial_analysis\venv\lib\site-packages\jupyter_core\utils\__init__.py", line 166, in wrapped
    return loop.run_until_complete(inner)
  File "C:\Users\BEGAS_15\AppData\Local\Programs\Python\Python39\lib\asyncio\base_events.py", line 647, in run_until_complete
    return future.result()
  File "C:\Users\BEGAS_15\PycharmProjects\geospatial_analysis\venv\lib\site-packages\nbclient\client.py", line 705, in async_execute
    await self.async_execute_cell(
  File "C:\Users\BEGAS_15\PycharmProjects\geospatial_analysis\venv\lib\site-packages\nbclient\client.py", line 1058, in async_execute_cell
    await self._check_raise_for_error(cell, cell_index, exec_reply)
  File "C:\Users\BEGAS_15\PycharmProjects\geospatial_analysis\venv\lib\site-packages\nbclient\client.py", line 914, in _check_raise_for_error
    raise CellExecutionError.from_cell_and_msg(cell, exec_reply_content)
nbclient.exceptions.CellExecutionError: An error occurred while executing the following cell:
------------------
assert addresses.crs == population_grid.crs, f"ë‘ ë ˆì´ì–´ì˜ CRSê°€ ë™ì¼í•˜ì§€ ì•ŠìŠµë‹ˆë‹¤.\n addresses : {addresses.crs}\n population_grid : {population_grid.crs}"
------------------


[1;31m---------------------------------------------------------------------------[0m
[1;31mAssertionError[0m                            Traceback (most recent call last)
Cell [1;32mIn[6], line 1[0m
[1;32m----> 1[0m [38;5;28;01massert[39;00m addresses[38;5;241m.[39mcrs [38;5;241m==[39m population_grid[38;5;241m.[39mcrs, [38;5;124mf[39m[38;5;124m"[39m[38;5;124më‘ ë ˆì´ì–´ì˜ CRSê°€ ë™ì¼í•˜ì§€ ì•ŠìŠµë‹ˆë‹¤.[39m[38;5;130;01m\n[39;00m[38;5;124m addresses : [39m[38;5;132;01m{[39;00maddresses[38;5;241m.[39mcrs[38;5;132;01m}[39;00m[38;5;130;01m\n[39;00m[38;5;124m population_grid : [39m[38;5;132;01m{[39;00mpopulation_grid[38;5;241m.[39mcrs[38;5;132;01m}[39;00m[38;5;124m"[39m

[1;31mAssertionError[0m: ë‘ ë ˆì´ì–´ì˜ CRSê°€ ë™ì¼í•˜ì§€ ì•ŠìŠµë‹ˆë‹¤.
 addresses : EPSG:4326
 population_grid : PROJCS["Korea 2000 / Unified CS",GEOGCS["Korea 2000",DATUM["Geocentric_datum_of_Korea",SPHEROID["GRS 1980",6378137,298.257222101,AUTHORITY["EPSG","7019"]],TOWGS84[0,0,0,0,0,0,0],AUTHORITY["EPSG","6737"]],PRIMEM["Greenwich",0,AUTHORITY["EPSG","8901"]],UNIT["degree",0.0174532925199433]],PROJECTION["Transverse_Mercator"],PARAMETER["central_meridian",127.5],PARAMETER["latitude_of_origin",38],PARAMETER["scale_factor",0.9996],PARAMETER["false_easting",1000000],PARAMETER["false_northing",2000000],UNIT["m",1],AXIS["Easting",EAST],AXIS["Northing",NORTH],AUTHORITY["EPSG","5179"]]

